<?xml version="1.0" encoding="UTF-8"?>
<testng-results>
  <reporter-output>
  </reporter-output>
  <suite name="Command line suite" duration-ms="5590" started-at="2013-04-17T10:45:41Z" finished-at="2013-04-17T10:45:47Z">
    <groups>
    </groups>
    <test name="Command line test" duration-ms="5590" started-at="2013-04-17T10:45:41Z" finished-at="2013-04-17T10:45:47Z">
      <class name="uk.co.ioko.tapestry.caching.tests.TestContentCache">
        <test-method status="PASS" signature="testCaching()" name="testCaching on instance testCaching(uk.co.ioko.tapestry.caching.tests.TestContentCache)" duration-ms="5570" started-at="2013-04-17T10:45:41Z" finished-at="2013-04-17T10:45:47Z">
        </test-method>
      </class>
    </test>
  </suite>
</testng-results>
